<?xml version="1.0" encoding="UTF-8"?>
<!-- Generated by org.testng.reporters.JUnitReportReporter -->
<testsuite hostname="DESKTOP-DCSC5TG" failures="0" tests="1" name="AUTOIT.c1" time="11.559" errors="0" timestamp="2023-01-11T12:15:37 IST" skipped="0">
  <testcase classname="AUTOIT.c1" name="filep" time="11.559"/>
  <system-out/>
</testsuite> <!-- AUTOIT.c1 -->
