<?xml version="1.0" encoding="UTF-8"?>
<!-- Generated by org.testng.reporters.JUnitReportReporter -->
<testsuite hostname="DESKTOP-DCSC5TG" failures="0" tests="1" name="EXTENTREPORT.C1" time="9.969" errors="0" timestamp="2023-01-10T11:53:21 IST" skipped="0">
  <testcase classname="EXTENTREPORT.C1" name="extentReportsDemo" time="9.969"/>
  <system-out/>
</testsuite> <!-- EXTENTREPORT.C1 -->
